-------------------------------------------------------------------------------
Test set: com.javatpoint.SpringBootCrudOperationApplicationTests
-------------------------------------------------------------------------------
Tests run: 1, Failures: 0, Errors: 1, Skipped: 0, Time elapsed: 0.456 s <<< FAILURE! - in com.javatpoint.SpringBootCrudOperationApplicationTests
com.javatpoint.SpringBootCrudOperationApplicationTests  Time elapsed: 0.454 s  <<< ERROR!
java.lang.IllegalStateException: Unable to find a @SpringBootConfiguration, you need to use @ContextConfiguration or @SpringBootTest(classes=...) with your test

